  pathfinder.cpp
C:\Users\B00414663\Documents\GitHub\ai-class-assesment\files\assignment1-pathfinder\deps\raylib-extras\draw-triangle-pro.hpp(63,39): warning C4244: 'argument': conversion from 'float' to 'int', possible loss of data
C:\Users\B00414663\Documents\GitHub\ai-class-assesment\files\assignment1-pathfinder\deps\raylib-extras\draw-triangle-pro.hpp(63,27): warning C4244: 'argument': conversion from 'float' to 'int', possible loss of data
C:\Users\B00414663\Documents\GitHub\ai-class-assesment\files\assignment1-pathfinder\deps\raylib-cpp-5.0.1\include\./AutomationEventList.hpp(117,32): warning C4018: '>=': signed/unsigned mismatch
C:\Users\B00414663\Documents\GitHub\ai-class-assesment\files\assignment1-pathfinder\src\graph-utils.hpp(74,30): warning C4244: 'initializing': conversion from 'double' to 'float', possible loss of data
C:\Users\B00414663\Documents\GitHub\ai-class-assesment\files\assignment1-pathfinder\src\graph-utils.hpp(74,25): warning C4244: 'initializing': conversion from 'double' to 'const float', possible loss of data
C:\Users\B00414663\Documents\GitHub\ai-class-assesment\files\assignment1-pathfinder\src\graph-utils.hpp(77,21): warning C4244: 'initializing': conversion from 'double' to 'float', possible loss of data
C:\Users\B00414663\Documents\GitHub\ai-class-assesment\files\assignment1-pathfinder\src\graph-utils.hpp(77,19): warning C4244: 'initializing': conversion from 'double' to 'const float', possible loss of data
C:\Users\B00414663\Documents\GitHub\ai-class-assesment\files\assignment1-pathfinder\src\pathfinder.cpp(24,39): warning C4267: 'initializing': conversion from 'size_t' to 'int', possible loss of data
C:\Users\B00414663\Documents\GitHub\ai-class-assesment\files\assignment1-pathfinder\src\pathfinder.cpp(24,25): warning C4267: 'initializing': conversion from 'size_t' to 'const int', possible loss of data
C:\Users\B00414663\Documents\GitHub\ai-class-assesment\files\assignment1-pathfinder\src\pathfinder.cpp(64,13): warning C4244: 'argument': conversion from 'time_t' to 'unsigned int', possible loss of data
C:\Users\B00414663\Documents\GitHub\ai-class-assesment\files\assignment1-pathfinder\src\pathfinder.cpp(100,14): warning C4267: 'initializing': conversion from 'size_t' to 'int', possible loss of data
C:\Users\B00414663\Documents\GitHub\ai-class-assesment\files\assignment1-pathfinder\src\pathfinder.cpp(101,9): warning C4101: 'i': unreferenced local variable
C:\Program Files\Microsoft Visual Studio\2022\Enterprise\VC\Tools\MSVC\14.37.32822\include\numeric(34,26): warning C4267: '=': conversion from 'size_t' to '_Ty', possible loss of data
          with
          [
              _Ty=int
          ]
C:\Users\B00414663\Documents\GitHub\ai-class-assesment\files\assignment1-pathfinder\src\graph-utils.hpp(20,15): message : see reference to function template instantiation '_Ty std::accumulate<std::_List_const_iterator<std::_List_val<std::_List_simple_types<std::pair<const char,std::vector<char,std::allocator<char>>>>>>,int,num_edges::<lambda_ab917b40c8639b662512b904dcaad529>>(const _InIt,const _InIt,_Ty,_Fn)' being compiled
          with
          [
              _Ty=int,
              _InIt=std::_List_const_iterator<std::_List_val<std::_List_simple_types<std::pair<const char,std::vector<char,std::allocator<char>>>>>>,
              _Fn=num_edges::<lambda_ab917b40c8639b662512b904dcaad529>
          ]
  pathfinder.vcxproj -> C:\Users\B00414663\Documents\GitHub\ai-class-assesment\files\assignment1-pathfinder\src\build\Debug\pathfinder.exe
